#
# There is insufficient memory for the Java Runtime Environment to continue.
# Native memory allocation (malloc) failed to allocate 1233296 bytes for Chunk::new
# Possible reasons:
#   The system is out of physical RAM or swap space
#   In 32 bit mode, the process size limit was hit
# Possible solutions:
#   Reduce memory load on the system
#   Increase physical memory or swap space
#   Check if swap backing store is full
#   Use 64 bit Java on a 64 bit OS
#   Decrease Java heap size (-Xmx/-Xms)
#   Decrease number of Java threads
#   Decrease Java thread stack sizes (-Xss)
#   Set larger code cache with -XX:ReservedCodeCacheSize=
# This output file may be truncated or incomplete.
#
#  Out of Memory Error (allocation.cpp:390), pid=9140, tid=0x00000000000053cc
#
# JRE version: OpenJDK Runtime Environment (8.0_152-b01) (build 1.8.0_152-release-915-b01)
# Java VM: OpenJDK 64-Bit Server VM (25.152-b01 mixed mode windows-amd64 compressed oops)
# Failed to write core dump. Minidumps are not enabled by default on client versions of Windows
#

---------------  T H R E A D  ---------------

Current thread (0x000000001a5a3800):  JavaThread "C2 CompilerThread2" daemon [_thread_in_native, id=21452, stack(0x000000001af90000,0x000000001b090000)]

Stack: [0x000000001af90000,0x000000001b090000]
[error occurred during error reporting (printing stack bounds), id 0xc0000005]

Native frames: (J=compiled Java code, j=interpreted, Vv=VM code, C=native code)


Current CompileTask:
C2:8977297 22278       4       com.android.dx.ssa.SCCP::simulateBranch (666 bytes)


---------------  P R O C E S S  ---------------

Java Threads: ( => current thread )
  0x000000001fdfe000 JavaThread "ForkJoinPool.commonPool-worker-0" daemon [_thread_blocked, id=3844, stack(0x0000000041e70000,0x0000000041f70000)]
  0x000000001fdfc000 JavaThread "ForkJoinPool.commonPool-worker-7" daemon [_thread_blocked, id=21696, stack(0x0000000041d70000,0x0000000041e70000)]
  0x000000001fdfc800 JavaThread "ForkJoinPool.commonPool-worker-6" daemon [_thread_blocked, id=5652, stack(0x0000000041c70000,0x0000000041d70000)]
  0x000000001fdf4000 JavaThread "ForkJoinPool.commonPool-worker-5" daemon [_thread_blocked, id=8032, stack(0x0000000041b70000,0x0000000041c70000)]
  0x000000001fdfb000 JavaThread "ForkJoinPool.commonPool-worker-4" daemon [_thread_blocked, id=8, stack(0x0000000041a70000,0x0000000041b70000)]
  0x000000001fdf2800 JavaThread "ForkJoinPool.commonPool-worker-3" daemon [_thread_blocked, id=14980, stack(0x0000000041970000,0x0000000041a70000)]
  0x000000001fdf5000 JavaThread "ForkJoinPool.commonPool-worker-2" daemon [_thread_blocked, id=9676, stack(0x0000000041870000,0x0000000041970000)]
  0x000000001fdf9800 JavaThread "ForkJoinPool.commonPool-worker-1" daemon [_thread_blocked, id=21400, stack(0x0000000041770000,0x0000000041870000)]
  0x000000001fdf3800 JavaThread "Cache worker for Java compile cache (C:\Users\Gallien\AndroidStudioProjects\Assignement2\.gradle\4.1\javaCompile)" [_thread_blocked, id=23096, stack(0x0000000041670000,0x0000000041770000)]
  0x00000000265cd000 JavaThread "Task worker for ':' Thread 7" [_thread_blocked, id=10964, stack(0x000000003fc70000,0x000000003fd70000)]
  0x00000000265ca800 JavaThread "Task worker for ':' Thread 6" [_thread_blocked, id=4828, stack(0x000000003fb70000,0x000000003fc70000)]
  0x00000000265c2000 JavaThread "Task worker for ':' Thread 5" [_thread_blocked, id=16524, stack(0x000000003fa70000,0x000000003fb70000)]
  0x00000000265c9000 JavaThread "Task worker for ':' Thread 4" [_thread_blocked, id=20476, stack(0x000000003f970000,0x000000003fa70000)]
  0x00000000265c8000 JavaThread "Task worker for ':' Thread 3" [_thread_blocked, id=14492, stack(0x000000003f870000,0x000000003f970000)]
  0x00000000265c7800 JavaThread "Task worker for ':' Thread 2" [_thread_blocked, id=20728, stack(0x000000003f770000,0x000000003f870000)]
  0x00000000265c1800 JavaThread "Task worker for ':'" [_thread_in_native, id=3148, stack(0x000000003f670000,0x000000003f770000)]
  0x00000000265c0000 JavaThread "Cache worker for task history cache (C:\Users\Gallien\AndroidStudioProjects\Assignement2\.gradle\4.1\taskHistory)" [_thread_blocked, id=11228, stack(0x000000003f570000,0x000000003f670000)]
  0x00000000265c3800 JavaThread "Cache worker for file content cache (C:\Users\Gallien\AndroidStudioProjects\Assignement2\.gradle\4.1\fileContent)" [_thread_blocked, id=18452, stack(0x000000003f470000,0x000000003f570000)]
  0x00000000265c6000 JavaThread "build operations Thread 8" [_thread_blocked, id=18764, stack(0x000000003f370000,0x000000003f470000)]
  0x00000000265c6800 JavaThread "build operations Thread 7" [_thread_blocked, id=23464, stack(0x000000003f270000,0x000000003f370000)]
  0x00000000265bf000 JavaThread "build operations Thread 6" [_thread_blocked, id=20184, stack(0x000000003f170000,0x000000003f270000)]
  0x00000000265c5000 JavaThread "build operations Thread 5" [_thread_blocked, id=12348, stack(0x000000003f070000,0x000000003f170000)]
  0x00000000265c4800 JavaThread "build operations Thread 4" [_thread_blocked, id=19468, stack(0x000000003ef70000,0x000000003f070000)]
  0x00000000265c3000 JavaThread "build operations Thread 3" [_thread_blocked, id=18524, stack(0x000000003ee70000,0x000000003ef70000)]
  0x00000000265c0800 JavaThread "build operations Thread 2" [_thread_blocked, id=8080, stack(0x000000003ed70000,0x000000003ee70000)]
  0x0000000020acb800 JavaThread "build operations" [_thread_blocked, id=19044, stack(0x000000003ec70000,0x000000003ed70000)]
  0x0000000020aca000 JavaThread "Cache worker for Artifact transforms cache (C:\Users\Gallien\.gradle\caches\transforms-1)" [_thread_blocked, id=16656, stack(0x000000003eb70000,0x000000003ec70000)]
  0x0000000020ac0000 JavaThread "Cache worker for file hash cache (C:\Users\Gallien\AndroidStudioProjects\Assignement2\.gradle\4.1\fileHashes)" [_thread_blocked, id=22296, stack(0x000000003ea70000,0x000000003eb70000)]
  0x0000000020abf800 JavaThread "Stdin handler" [_thread_blocked, id=4576, stack(0x000000003e970000,0x000000003ea70000)]
  0x0000000020abe800 JavaThread "Asynchronous log dispatcher for DefaultDaemonConnection: socket connection from /127.0.0.1:58459 to /127.0.0.1:60209" [_thread_blocked, id=860, stack(0x000000003e870000,0x000000003e970000)]
  0x0000000020ac4800 JavaThread "Daemon worker Thread 4" [_thread_blocked, id=16496, stack(0x000000003e770000,0x000000003e870000)]
  0x0000000020ac4000 JavaThread "Cancel handler" [_thread_blocked, id=12772, stack(0x000000003e670000,0x000000003e770000)]
  0x0000000020ac1800 JavaThread "Handler for socket connection from /127.0.0.1:58459 to /127.0.0.1:60209" [_thread_in_native, id=15396, stack(0x000000003e570000,0x000000003e670000)]
  0x0000000020ac2800 JavaThread "Daemon Thread 4" [_thread_blocked, id=8468, stack(0x000000003e470000,0x000000003e570000)]
  0x0000000020ac1000 JavaThread "Memory manager" [_thread_blocked, id=4648, stack(0x00000000250d0000,0x00000000251d0000)]
  0x000000001c10d800 JavaThread "File lock request listener" [_thread_in_native, id=16108, stack(0x000000001eff0000,0x000000001f0f0000)]
  0x000000001cd48800 JavaThread "Cache worker for file hash cache (C:\Users\Gallien\.gradle\caches\4.1\fileHashes)" [_thread_blocked, id=7664, stack(0x000000001ecf0000,0x000000001edf0000)]
  0x000000001c535800 JavaThread "Daemon periodic checks" [_thread_blocked, id=16976, stack(0x000000001e2f0000,0x000000001e3f0000)]
  0x000000001c52d000 JavaThread "Incoming local TCP Connector on port 58459" [_thread_in_native, id=7448, stack(0x000000001cb60000,0x000000001cc60000)]
  0x000000001a634000 JavaThread "Service Thread" daemon [_thread_blocked, id=9928, stack(0x000000001b190000,0x000000001b290000)]
  0x000000001a5dc800 JavaThread "C1 CompilerThread3" daemon [_thread_blocked, id=21892, stack(0x000000001b090000,0x000000001b190000)]
=>0x000000001a5a3800 JavaThread "C2 CompilerThread2" daemon [_thread_in_native, id=21452, stack(0x000000001af90000,0x000000001b090000)]
  0x000000001a5a0800 JavaThread "C2 CompilerThread1" daemon [_thread_blocked, id=7996, stack(0x000000001ae90000,0x000000001af90000)]
  0x000000001a59b800 JavaThread "C2 CompilerThread0" daemon [_thread_blocked, id=7480, stack(0x000000001ad90000,0x000000001ae90000)]
  0x000000001a59a000 JavaThread "Attach Listener" daemon [_thread_blocked, id=13032, stack(0x000000001ac90000,0x000000001ad90000)]
  0x000000001a599000 JavaThread "Signal Dispatcher" daemon [_thread_blocked, id=1156, stack(0x000000001ab90000,0x000000001ac90000)]
  0x0000000004859000 JavaThread "Finalizer" daemon [_thread_blocked, id=22288, stack(0x000000001a970000,0x000000001aa70000)]
  0x0000000004857800 JavaThread "Reference Handler" daemon [_thread_blocked, id=8624, stack(0x000000001a470000,0x000000001a570000)]
  0x00000000048ce800 JavaThread "main" [_thread_blocked, id=9656, stack(0x0000000004620000,0x0000000004720000)]

Other Threads:
  0x0000000018687800 VMThread [stack: 0x000000001a370000,0x000000001a470000] [id=17176]
  0x000000001a60d800 WatcherThread [stack: 0x000000001b290000,0x000000001b390000] [id=3516]

VM state:not at safepoint (normal execution)

VM Mutex/Monitor currently owned by a thread: None

Heap:
 PSYoungGen      total 353280K, used 292586K [0x00000000e0000000, 0x00000000fa300000, 0x0000000100000000)
  eden space 339968K, 82% used [0x00000000e0000000,0x00000000f1128230,0x00000000f4c00000)
  from space 13312K, 96% used [0x00000000f5800000,0x00000000f6492688,0x00000000f6500000)
  to   space 44544K, 0% used [0x00000000f7780000,0x00000000f7780000,0x00000000fa300000)
 ParOldGen       total 200192K, used 115125K [0x00000000a0000000, 0x00000000ac380000, 0x00000000e0000000)
  object space 200192K, 57% used [0x00000000a0000000,0x00000000a706d640,0x00000000ac380000)
 Metaspace       used 87729K, capacity 93824K, committed 93912K, reserved 1130496K
  class space    used 11120K, capacity 12538K, committed 12544K, reserved 1048576K

Card table byte_map: [0x0000000013c90000,0x0000000013fa0000] byte_map_base: 0x0000000013790000

Marking Bits: (ParMarkBitMap*) 0x0000000077f83950
 Begin Bits: [0x00000000149a0000, 0x00000000161a0000)
 End Bits:   [0x00000000161a0000, 0x00000000179a0000)

Polling page: 0x00000000005e0000

CodeCache: size=245760Kb used=59937Kb max_used=60234Kb free=185822Kb
 bounds [0x00000000048d0000, 0x0000000008410000, 0x00000000138d0000]
 total_blobs=18109 nmethods=17229 adapters=791
 compilation: enabled

Compilation events (10 events):
Event: 8976.638 Thread 0x000000001a5dc800 22366       1       com.google.common.hash.HashCode$BytesHashCode::getBytesInternal (5 bytes)
Event: 8976.639 Thread 0x000000001a5dc800 nmethod 22366 0x0000000006874f90 code [0x00000000068750e0, 0x00000000068751f0]
Event: 8976.639 Thread 0x000000001a5dc800 22367  s    3       com.android.build.gradle.internal.pipeline.IntermediateFolderUtils::getContentLocation (228 bytes)
Event: 8976.640 Thread 0x000000001a5dc800 nmethod 22367 0x0000000005b83910 code [0x0000000005b83c60, 0x0000000005b85a28]
Event: 8976.651 Thread 0x000000001a59b800 22368       4       java.util.concurrent.ConcurrentHashMap::addCount (292 bytes)
Event: 8976.657 Thread 0x000000001a59b800 nmethod 22368 0x000000000557ca50 code [0x000000000557cbc0, 0x000000000557cff0]
Event: 8976.672 Thread 0x000000001a5dc800 22369       3       com.google.common.hash.AbstractHasher::putString (15 bytes)
Event: 8976.672 Thread 0x000000001a5dc800 nmethod 22369 0x00000000071a4cd0 code [0x00000000071a4ea0, 0x00000000071a55c8]
Event: 8976.682 Thread 0x000000001a5dc800 22370       1       java.util.concurrent.atomic.AtomicInteger::getAndIncrement (12 bytes)
Event: 8976.682 Thread 0x000000001a5dc800 nmethod 22370 0x0000000006874c90 code [0x0000000006874de0, 0x0000000006874ef0]

GC Heap History (10 events):
Event: 6175.256 GC heap before
{Heap before GC invocations=18 (full 3):
 PSYoungGen      total 450560K, used 424051K [0x00000000e0000000, 0x00000000ff480000, 0x0000000100000000)
  eden space 408064K, 100% used [0x00000000e0000000,0x00000000f8e80000,0x00000000f8e80000)
  from space 42496K, 37% used [0x00000000fcb00000,0x00000000fda9ce90,0x00000000ff480000)
  to   space 52224K, 0% used [0x00000000f8e80000,0x00000000f8e80000,0x00000000fc180000)
 ParOldGen       total 200192K, used 114829K [0x00000000a0000000, 0x00000000ac380000, 0x00000000e0000000)
  object space 200192K, 57% used [0x00000000a0000000,0x00000000a7023628,0x00000000ac380000)
 Metaspace       used 83463K, capacity 87578K, committed 87768K, reserved 1126400K
  class space    used 10689K, capacity 11715K, committed 11776K, reserved 1048576K
Event: 6175.266 GC heap after
Heap after GC invocations=18 (full 3):
 PSYoungGen      total 395264K, used 1953K [0x00000000e0000000, 0x00000000fe700000, 0x0000000100000000)
  eden space 393216K, 0% used [0x00000000e0000000,0x00000000e0000000,0x00000000f8000000)
  from space 2048K, 95% used [0x00000000f8e80000,0x00000000f9068540,0x00000000f9080000)
  to   space 52736K, 0% used [0x00000000fb380000,0x00000000fb380000,0x00000000fe700000)
 ParOldGen       total 200192K, used 115093K [0x00000000a0000000, 0x00000000ac380000, 0x00000000e0000000)
  object space 200192K, 57% used [0x00000000a0000000,0x00000000a7065640,0x00000000ac380000)
 Metaspace       used 83463K, capacity 87578K, committed 87768K, reserved 1126400K
  class space    used 10689K, capacity 11715K, committed 11776K, reserved 1048576K
}
Event: 6288.812 GC heap before
{Heap before GC invocations=19 (full 3):
 PSYoungGen      total 395264K, used 395169K [0x00000000e0000000, 0x00000000fe700000, 0x0000000100000000)
  eden space 393216K, 100% used [0x00000000e0000000,0x00000000f8000000,0x00000000f8000000)
  from space 2048K, 95% used [0x00000000f8e80000,0x00000000f9068540,0x00000000f9080000)
  to   space 52736K, 0% used [0x00000000fb380000,0x00000000fb380000,0x00000000fe700000)
 ParOldGen       total 200192K, used 115093K [0x00000000a0000000, 0x00000000ac380000, 0x00000000e0000000)
  object space 200192K, 57% used [0x00000000a0000000,0x00000000a7065640,0x00000000ac380000)
 Metaspace       used 84574K, capacity 89252K, committed 89560K, reserved 1126400K
  class space    used 10776K, capacity 11926K, committed 12032K, reserved 1048576K
Event: 6288.824 GC heap after
Heap after GC invocations=19 (full 3):
 PSYoungGen      total 412160K, used 14854K [0x00000000e0000000, 0x00000000fd400000, 0x0000000100000000)
  eden space 378880K, 0% used [0x00000000e0000000,0x00000000e0000000,0x00000000f7200000)
  from space 33280K, 44% used [0x00000000fb380000,0x00000000fc201a28,0x00000000fd400000)
  to   space 50176K, 0% used [0x00000000f7200000,0x00000000f7200000,0x00000000fa300000)
 ParOldGen       total 200192K, used 115101K [0x00000000a0000000, 0x00000000ac380000, 0x00000000e0000000)
  object space 200192K, 57% used [0x00000000a0000000,0x00000000a7067640,0x00000000ac380000)
 Metaspace       used 84574K, capacity 89252K, committed 89560K, reserved 1126400K
  class space    used 10776K, capacity 11926K, committed 12032K, reserved 1048576K
}
Event: 6316.519 GC heap before
{Heap before GC invocations=20 (full 3):
 PSYoungGen      total 412160K, used 393734K [0x00000000e0000000, 0x00000000fd400000, 0x0000000100000000)
  eden space 378880K, 100% used [0x00000000e0000000,0x00000000f7200000,0x00000000f7200000)
  from space 33280K, 44% used [0x00000000fb380000,0x00000000fc201a28,0x00000000fd400000)
  to   space 50176K, 0% used [0x00000000f7200000,0x00000000f7200000,0x00000000fa300000)
 ParOldGen       total 200192K, used 115101K [0x00000000a0000000, 0x00000000ac380000, 0x00000000e0000000)
  object space 200192K, 57% used [0x00000000a0000000,0x00000000a7067640,0x00000000ac380000)
 Metaspace       used 85136K, capacity 90216K, committed 90456K, reserved 1128448K
  class space    used 10829K, capacity 12082K, committed 12160K, reserved 1048576K
Event: 6316.538 GC heap after
Heap after GC invocations=20 (full 3):
 PSYoungGen      total 371712K, used 6149K [0x00000000e0000000, 0x00000000fc580000, 0x0000000100000000)
  eden space 365056K, 0% used [0x00000000e0000000,0x00000000e0000000,0x00000000f6480000)
  from space 6656K, 92% used [0x00000000f7200000,0x00000000f7801540,0x00000000f7880000)
  to   space 49664K, 0% used [0x00000000f9500000,0x00000000f9500000,0x00000000fc580000)
 ParOldGen       total 200192K, used 115109K [0x00000000a0000000, 0x00000000ac380000, 0x00000000e0000000)
  object space 200192K, 57% used [0x00000000a0000000,0x00000000a7069640,0x00000000ac380000)
 Metaspace       used 85136K, capacity 90216K, committed 90456K, reserved 1128448K
  class space    used 10829K, capacity 12082K, committed 12160K, reserved 1048576K
}
Event: 6326.263 GC heap before
{Heap before GC invocations=21 (full 3):
 PSYoungGen      total 371712K, used 371205K [0x00000000e0000000, 0x00000000fc580000, 0x0000000100000000)
  eden space 365056K, 100% used [0x00000000e0000000,0x00000000f6480000,0x00000000f6480000)
  from space 6656K, 92% used [0x00000000f7200000,0x00000000f7801540,0x00000000f7880000)
  to   space 49664K, 0% used [0x00000000f9500000,0x00000000f9500000,0x00000000fc580000)
 ParOldGen       total 200192K, used 115109K [0x00000000a0000000, 0x00000000ac380000, 0x00000000e0000000)
  object space 200192K, 57% used [0x00000000a0000000,0x00000000a7069640,0x00000000ac380000)
 Metaspace       used 85446K, capacity 90808K, committed 90968K, reserved 1128448K
  class space    used 10866K, capacity 12148K, committed 12160K, reserved 1048576K
Event: 6326.273 GC heap after
Heap after GC invocations=21 (full 3):
 PSYoungGen      total 382976K, used 18010K [0x00000000e0000000, 0x00000000fb300000, 0x0000000100000000)
  eden space 352256K, 0% used [0x00000000e0000000,0x00000000e0000000,0x00000000f5800000)
  from space 30720K, 58% used [0x00000000f9500000,0x00000000fa6969b8,0x00000000fb300000)
  to   space 46592K, 0% used [0x00000000f5800000,0x00000000f5800000,0x00000000f8580000)
 ParOldGen       total 200192K, used 115117K [0x00000000a0000000, 0x00000000ac380000, 0x00000000e0000000)
  object space 200192K, 57% used [0x00000000a0000000,0x00000000a706b640,0x00000000ac380000)
 Metaspace       used 85446K, capacity 90808K, committed 90968K, reserved 1128448K
  class space    used 10866K, capacity 12148K, committed 12160K, reserved 1048576K
}
Event: 8969.808 GC heap before
{Heap before GC invocations=22 (full 3):
 PSYoungGen      total 382976K, used 370266K [0x00000000e0000000, 0x00000000fb300000, 0x0000000100000000)
  eden space 352256K, 100% used [0x00000000e0000000,0x00000000f5800000,0x00000000f5800000)
  from space 30720K, 58% used [0x00000000f9500000,0x00000000fa6969b8,0x00000000fb300000)
  to   space 46592K, 0% used [0x00000000f5800000,0x00000000f5800000,0x00000000f8580000)
 ParOldGen       total 200192K, used 115117K [0x00000000a0000000, 0x00000000ac380000, 0x00000000e0000000)
  object space 200192K, 57% used [0x00000000a0000000,0x00000000a706b640,0x00000000ac380000)
 Metaspace       used 86612K, capacity 92684K, committed 92888K, reserved 1130496K
  class space    used 11025K, capacity 12440K, committed 12544K, reserved 1048576K
Event: 8969.825 GC heap after
Heap after GC invocations=22 (full 3):
 PSYoungGen      total 353280K, used 12873K [0x00000000e0000000, 0x00000000fa300000, 0x0000000100000000)
  eden space 339968K, 0% used [0x00000000e0000000,0x00000000e0000000,0x00000000f4c00000)
  from space 13312K, 96% used [0x00000000f5800000,0x00000000f6492688,0x00000000f6500000)
  to   space 44544K, 0% used [0x00000000f7780000,0x00000000f7780000,0x00000000fa300000)
 ParOldGen       total 200192K, used 115125K [0x00000000a0000000, 0x00000000ac380000, 0x00000000e0000000)
  object space 200192K, 57% used [0x00000000a0000000,0x00000000a706d640,0x00000000ac380000)
 Metaspace       used 86612K, capacity 92684K, committed 92888K, reserved 1130496K
  class space    used 11025K, capacity 12440K, committed 12544K, reserved 1048576K
}

Deoptimization events (10 events):
Event: 8971.653 Thread 0x00000000265c1800 Uncommon trap: reason=unstable_if action=reinterpret pc=0x000000000619ce88 method=java.io.ObjectOutputStream$BlockDataOutputStream.writeShort(I)V @ 9
Event: 8971.654 Thread 0x00000000265c1800 Uncommon trap: reason=bimorphic action=maybe_recompile pc=0x0000000004da3180 method=java.io.DataOutputStream.writeShort(I)V @ 12
Event: 8973.191 Thread 0x00000000265c1800 Uncommon trap: reason=unstable_if action=reinterpret pc=0x0000000005734404 method=java.util.stream.MatchOps$1MatchSink.accept(Ljava/lang/Object;)V @ 24
Event: 8974.888 Thread 0x000000001fdfc800 Uncommon trap: reason=unstable_if action=reinterpret pc=0x0000000004e2a65c method=java.util.WeakHashMap.remove(Ljava/lang/Object;)Ljava/lang/Object; @ 94
Event: 8974.906 Thread 0x000000001fdf2800 Uncommon trap: reason=unstable_if action=reinterpret pc=0x00000000058fa950 method=java.util.regex.Matcher.appendReplacement(Ljava/lang/StringBuffer;Ljava/lang/String;)Ljava/util/regex/Matcher; @ 47
Event: 8975.119 Thread 0x00000000265c1800 Uncommon trap: reason=unstable_if action=reinterpret pc=0x00000000083e8ef4 method=org.objectweb.asm.MethodWriter.visitInsn(I)V @ 24
Event: 8975.734 Thread 0x00000000265c1800 Uncommon trap: reason=predicate action=maybe_recompile pc=0x0000000006af0aa0 method=java.util.Iterator.forEachRemaining(Ljava/util/function/Consumer;)V @ 14
Event: 8976.150 Thread 0x00000000265c1800 Uncommon trap: reason=unstable_if action=reinterpret pc=0x00000000049f4010 method=sun.nio.fs.WindowsPath.openForReadAttributeAccess(Z)J @ 4
Event: 8976.269 Thread 0x00000000265c1800 Uncommon trap: reason=class_check action=maybe_recompile pc=0x00000000068be448 method=com.google.common.collect.AbstractMapBasedMultimap$WrappedCollection.refreshIfEmpty()V @ 40
Event: 8976.317 Thread 0x000000001fdf2800 Uncommon trap: reason=unstable_if action=reinterpret pc=0x0000000007498f8c method=com.android.dx.dex.code.OutputFinisher.findOpcodeForInsn(Lcom/android/dx/dex/code/DalvInsn;Lcom/android/dx/dex/code/Dop;)Lcom/android/dx/dex/code/Dop; @ 1

Classes redefined (0 events):
No events

Internal exceptions (10 events):
Event: 8976.520 Thread 0x00000000265c1800 Exception <a 'sun/nio/fs/WindowsException'> (0x00000000f0fb51b0) thrown at [D:\src\AOSP-openjdk-cygwin\jdk8u\hotspot\src\share\vm\prims\jni.cpp, line 709]
Event: 8976.535 Thread 0x00000000265c1800 Exception <a 'sun/nio/fs/WindowsException'> (0x00000000f0fcd0a8) thrown at [D:\src\AOSP-openjdk-cygwin\jdk8u\hotspot\src\share\vm\prims\jni.cpp, line 709]
Event: 8976.557 Thread 0x00000000265c1800 Exception <a 'sun/nio/fs/WindowsException'> (0x00000000f0fe5408) thrown at [D:\src\AOSP-openjdk-cygwin\jdk8u\hotspot\src\share\vm\prims\jni.cpp, line 709]
Event: 8976.574 Thread 0x00000000265c1800 Exception <a 'sun/nio/fs/WindowsException'> (0x00000000f0ffd250) thrown at [D:\src\AOSP-openjdk-cygwin\jdk8u\hotspot\src\share\vm\prims\jni.cpp, line 709]
Event: 8976.590 Thread 0x00000000265c1800 Exception <a 'sun/nio/fs/WindowsException'> (0x00000000f1015460) thrown at [D:\src\AOSP-openjdk-cygwin\jdk8u\hotspot\src\share\vm\prims\jni.cpp, line 709]
Event: 8976.606 Thread 0x00000000265c1800 Exception <a 'sun/nio/fs/WindowsException'> (0x00000000f102d580) thrown at [D:\src\AOSP-openjdk-cygwin\jdk8u\hotspot\src\share\vm\prims\jni.cpp, line 709]
Event: 8976.620 Thread 0x00000000265c1800 Exception <a 'sun/nio/fs/WindowsException'> (0x00000000f10453c8) thrown at [D:\src\AOSP-openjdk-cygwin\jdk8u\hotspot\src\share\vm\prims\jni.cpp, line 709]
Event: 8976.639 Thread 0x00000000265c1800 Exception <a 'sun/nio/fs/WindowsException'> (0x00000000f105d290) thrown at [D:\src\AOSP-openjdk-cygwin\jdk8u\hotspot\src\share\vm\prims\jni.cpp, line 709]
Event: 8976.656 Thread 0x00000000265c1800 Exception <a 'sun/nio/fs/WindowsException'> (0x00000000f1075438) thrown at [D:\src\AOSP-openjdk-cygwin\jdk8u\hotspot\src\share\vm\prims\jni.cpp, line 709]
Event: 8976.672 Thread 0x00000000265c1800 Exception <a 'sun/nio/fs/WindowsException'> (0x00000000f108de50) thrown at [D:\src\AOSP-openjdk-cygwin\jdk8u\hotspot\src\share\vm\prims\jni.cpp, line 709]

Events (10 events):
Event: 8976.317 Thread 0x000000001fdf2800 DEOPT PACKING pc=0x0000000007498f8c sp=0x0000000041a6eaf0
Event: 8976.317 Thread 0x000000001fdf2800 DEOPT UNPACKING pc=0x000000000491556a sp=0x0000000041a6ea90 mode 2
Event: 8976.317 loading class com/android/dx/rop/code/RegisterSpecList$Expander
Event: 8976.317 loading class com/android/dx/rop/code/RegisterSpecList$Expander done
Event: 8976.320 Thread 0x000000001fdf4000 DEOPT PACKING pc=0x000000000751648c sp=0x0000000041c6e440
Event: 8976.320 Thread 0x000000001fdf4000 DEOPT UNPACKING pc=0x00000000049175bf sp=0x0000000041c6e120 mode 0
Event: 8976.515 Executing VM operation: RevokeBias
Event: 8976.515 Executing VM operation: RevokeBias done
Event: 8976.529 Executing VM operation: RevokeBias
Event: 8976.529 Executing VM operation: RevokeBias done


Dynamic libraries:
0x00007ff7014d0000 - 0x00007ff701501000 	C:\Program Files\Android\Android Studio\jre\bin\java.exe
0x00007ffc4a240000 - 0x00007ffc4a420000 	C:\WINDOWS\SYSTEM32\ntdll.dll
0x00007ffc4a160000 - 0x00007ffc4a20e000 	C:\WINDOWS\System32\KERNEL32.DLL
0x00007ffc46640000 - 0x00007ffc468a6000 	C:\WINDOWS\System32\KERNELBASE.dll
0x00007ffc49c30000 - 0x00007ffc49cd1000 	C:\WINDOWS\System32\ADVAPI32.dll
0x00007ffc496d0000 - 0x00007ffc4976d000 	C:\WINDOWS\System32\msvcrt.dll
0x00007ffc47720000 - 0x00007ffc4777b000 	C:\WINDOWS\System32\sechost.dll
0x00007ffc49340000 - 0x00007ffc4945f000 	C:\WINDOWS\System32\RPCRT4.dll
0x00007ffc47b20000 - 0x00007ffc47caf000 	C:\WINDOWS\System32\USER32.dll
0x00007ffc474c0000 - 0x00007ffc474e0000 	C:\WINDOWS\System32\win32u.dll
0x00007ffc49460000 - 0x00007ffc49488000 	C:\WINDOWS\System32\GDI32.dll
0x00007ffc468b0000 - 0x00007ffc46a43000 	C:\WINDOWS\System32\gdi32full.dll
0x00007ffc475f0000 - 0x00007ffc4768b000 	C:\WINDOWS\System32\msvcp_win.dll
0x00007ffc46a50000 - 0x00007ffc46b46000 	C:\WINDOWS\System32\ucrtbase.dll
0x00007ffc36680000 - 0x00007ffc368e9000 	C:\WINDOWS\WinSxS\amd64_microsoft.windows.common-controls_6595b64144ccf1df_6.0.16299.371_none_15c7d1789365a290\COMCTL32.dll
0x00007ffc47810000 - 0x00007ffc47b18000 	C:\WINDOWS\System32\combase.dll
0x00007ffc47690000 - 0x00007ffc47702000 	C:\WINDOWS\System32\bcryptPrimitives.dll
0x00007ffc47780000 - 0x00007ffc477ad000 	C:\WINDOWS\System32\IMM32.DLL
0x00000000521a0000 - 0x0000000052272000 	C:\Program Files\Android\Android Studio\jre\jre\bin\msvcr100.dll
0x00000000777c0000 - 0x0000000077ffe000 	C:\Program Files\Android\Android Studio\jre\jre\bin\server\jvm.dll
0x00007ffc49c20000 - 0x00007ffc49c28000 	C:\WINDOWS\System32\PSAPI.DLL
0x00007ffc40d50000 - 0x00007ffc40d73000 	C:\WINDOWS\SYSTEM32\WINMM.dll
0x00007ffc33680000 - 0x00007ffc33689000 	C:\WINDOWS\SYSTEM32\WSOCK32.dll
0x00007ffc40c20000 - 0x00007ffc40c2a000 	C:\WINDOWS\SYSTEM32\VERSION.dll
0x00007ffc47cb0000 - 0x00007ffc47d1c000 	C:\WINDOWS\System32\WS2_32.dll
0x00007ffc40d00000 - 0x00007ffc40d2a000 	C:\WINDOWS\SYSTEM32\WINMMBASE.dll
0x00007ffc47470000 - 0x00007ffc474ba000 	C:\WINDOWS\System32\cfgmgr32.dll
0x00007ffc3d440000 - 0x00007ffc3d44f000 	C:\Program Files\Android\Android Studio\jre\jre\bin\verify.dll
0x00007ffc1fbd0000 - 0x00007ffc1fbf9000 	C:\Program Files\Android\Android Studio\jre\jre\bin\java.dll
0x00007ffc16b40000 - 0x00007ffc16b56000 	C:\Program Files\Android\Android Studio\jre\jre\bin\zip.dll
0x00007ffc47e70000 - 0x00007ffc492a6000 	C:\WINDOWS\System32\SHELL32.dll
0x00007ffc49d00000 - 0x00007ffc49da6000 	C:\WINDOWS\System32\shcore.dll
0x00007ffc46b50000 - 0x00007ffc47297000 	C:\WINDOWS\System32\windows.storage.dll
0x00007ffc477b0000 - 0x00007ffc47801000 	C:\WINDOWS\System32\shlwapi.dll
0x00007ffc465d0000 - 0x00007ffc465e1000 	C:\WINDOWS\System32\kernel.appcore.dll
0x00007ffc465f0000 - 0x00007ffc4663c000 	C:\WINDOWS\System32\powrprof.dll
0x00007ffc46590000 - 0x00007ffc465ab000 	C:\WINDOWS\System32\profapi.dll
0x00007ffc16530000 - 0x00007ffc1654a000 	C:\Program Files\Android\Android Studio\jre\jre\bin\net.dll
0x00007ffc45e20000 - 0x00007ffc45e86000 	C:\WINDOWS\system32\mswsock.dll
0x00007ffc15070000 - 0x00007ffc15081000 	C:\Program Files\Android\Android Studio\jre\jre\bin\nio.dll
0x00007ffc20c40000 - 0x00007ffc20c5e000 	C:\Users\Gallien\.gradle\native\25\windows-amd64\native-platform.dll
0x00007ffc3cf80000 - 0x00007ffc3cf8d000 	C:\Program Files\Android\Android Studio\jre\jre\bin\management.dll
0x00007ffc45fe0000 - 0x00007ffc45ff7000 	C:\WINDOWS\SYSTEM32\CRYPTSP.dll
0x00007ffc45a20000 - 0x00007ffc45a53000 	C:\WINDOWS\system32\rsaenh.dll
0x00007ffc460f0000 - 0x00007ffc46115000 	C:\WINDOWS\SYSTEM32\bcrypt.dll
0x00007ffc464c0000 - 0x00007ffc464e9000 	C:\WINDOWS\SYSTEM32\USERENV.dll
0x00007ffc46000000 - 0x00007ffc4600b000 	C:\WINDOWS\SYSTEM32\CRYPTBASE.dll
0x00007ffc45bb0000 - 0x00007ffc45be9000 	C:\WINDOWS\SYSTEM32\IPHLPAPI.DLL
0x00007ffc49330000 - 0x00007ffc49338000 	C:\WINDOWS\System32\NSI.dll
0x00007ffc3e840000 - 0x00007ffc3e856000 	C:\WINDOWS\SYSTEM32\dhcpcsvc6.DLL
0x00007ffc3f100000 - 0x00007ffc3f11a000 	C:\WINDOWS\SYSTEM32\dhcpcsvc.DLL
0x00007ffc13700000 - 0x00007ffc13724000 	C:\Program Files\Android\Android Studio\jre\jre\bin\sunec.dll
0x00007ffc45bf0000 - 0x00007ffc45ca6000 	C:\WINDOWS\SYSTEM32\DNSAPI.dll
0x0000000054b70000 - 0x0000000054b96000 	C:\Program Files\Bonjour\mdnsNSP.dll
0x00007ffc37090000 - 0x00007ffc3709a000 	C:\Windows\System32\rasadhlp.dll
0x00007ffc376f0000 - 0x00007ffc37760000 	C:\WINDOWS\System32\fwpuclnt.dll
0x00007ffc2b600000 - 0x00007ffc2b60b000 	C:\Program Files\Android\Android Studio\jre\jre\bin\sunmscapi.dll
0x00007ffc472a0000 - 0x00007ffc4746e000 	C:\WINDOWS\System32\CRYPT32.dll
0x00007ffc465b0000 - 0x00007ffc465c2000 	C:\WINDOWS\System32\MSASN1.dll
0x00007ffc457d0000 - 0x00007ffc45801000 	C:\WINDOWS\SYSTEM32\ntmarta.dll

VM Arguments:
jvm_args: -Xmx1536m -Dfile.encoding=windows-1252 -Duser.country=FR -Duser.language=fr -Duser.variant 
java_command: org.gradle.launcher.daemon.bootstrap.GradleDaemon 4.1
java_class_path (initial): C:\Users\Gallien\.gradle\wrapper\dists\gradle-4.1-all\bzyivzo6n839fup2jbap0tjew\gradle-4.1\lib\gradle-launcher-4.1.jar
Launcher Type: SUN_STANDARD

Environment Variables:
PATH=C:\ProgramData\Oracle\Java\javapath;C:\Program Files (x86)\Intel\iCLS Client\;C:\Program Files\Intel\iCLS Client\;C:\Windows\system32;C:\Windows;C:\Windows\System32\Wbem;C:\Windows\System32\WindowsPowerShell\v1.0\;C:\Program Files (x86)\NVIDIA Corporation\PhysX\Common;C:\Program Files (x86)\Intel\Intel(R) Management Engine Components\DAL;C:\Program Files\Intel\Intel(R) Management Engine Components\DAL;C:\Program Files (x86)\Intel\Intel(R) Management Engine Components\IPT;C:\Program Files\Intel\Intel(R) Management Engine Components\IPT;C:\WINDOWS\system32;C:\WINDOWS;C:\WINDOWS\System32\Wbem;C:\WINDOWS\System32\WindowsPowerShell\v1.0\;C:\Program Files\OpenVPN\bin;C:\Program Files (x86)\Druide\Antidote 9\Application\Bin64\;C:\Program Files (x86)\Druide\Antidote 9\Application\Bin32\;C:\Program Files\nodejs\;C:\Program Files\Git\cmd;C:\Users\Gallien\AppData\Local\Microsoft\WindowsApps;C:\Users\Gallien\AppData\Roaming\npm
USERNAME=Gallien
OS=Windows_NT
PROCESSOR_IDENTIFIER=Intel64 Family 6 Model 158 Stepping 9, GenuineIntel



---------------  S Y S T E M  ---------------

OS: Windows 10.0 , 64 bit Build 16299 (10.0.16299.15)

CPU:total 8 (initial active 8) (4 cores per cpu, 2 threads per core) family 6 model 158 stepping 9, cmov, cx8, fxsr, mmx, sse, sse2, sse3, ssse3, sse4.1, sse4.2, popcnt, avx, avx2, aes, clmul, erms, 3dnowpref, lzcnt, ht, tsc, tscinvbit, bmi1, bmi2, adx

Memory: 4k page, physical 16649380k(2174616k free), swap 16649380k(16k free)

vm_info: OpenJDK 64-Bit Server VM (25.152-b01) for windows-amd64 JRE (1.8.0_152-release-915-b01), built by "builder" with MS VC++ 10.0 (VS2010)

time: Wed May 02 17:49:42 2018
elapsed time: 8976 seconds (0d 2h 29m 36s)

